#
# A fatal error has been detected by the Java Runtime Environment:
#
#  EXCEPTION_ACCESS_VIOLATION (0xc0000005) at pc=0x000000007062c69a, pid=70, tid=0x000000000000000c
#
# JRE version: Java(TM) SE Runtime Environment (8.0_121-b13) (build 1.8.0_121-b13)
# Java VM: Java HotSpot(TM) 64-Bit Server VM (25.121-b13 mixed mode windows-amd64 compressed oops)
# Problematic frame:
# V  [jvm.dll+0x29c69a]
#
# Failed to write core dump. Minidumps are not enabled by default on client versions of Windows
#
# If you would like to submit a bug report, please visit:
#   http://bugreport.java.com/bugreport/crash.jsp
#

---------------  T H R E A D  ---------------

Current thread (0x00000000125b7000):  VMThread [stack: 0x0000000012ac0000,0x0000000012bc0000] [id=12]

siginfo: ExceptionCode=0xc0000005

Registers:
RAX=0x00000000006e5720, RBX=0x00000000125b7000, RCX=0x0000000012bbd990, RDX=0x00000000003f5b90
RSP=0x0000000012bbe2e0, RBP=0x0000000012bbe500, RSI=0x0000000000000000, RDI=0x00007fffff7d8000
R8 =0xccccccccccc301b0, R9 =0xcccccccccccccccc, R10=0x0000000012bbd9f0, R11=0x000000000066c8a0
R12=0x00000000125b7950, R13=0x000000000066dd9f, R14=0xffffffffffffffff, R15=0x000000000066deb0
RIP=0x000000007062c69a, EFLAGS=0x0000000000010246

Top of Stack: (sp=0x0000000012bbe2e0)
0x0000000012bbe2e0:   00000000125b7000 0000000000000000
0x0000000012bbe2f0:   000000004d430003 0000000000000000
0x0000000012bbe300:   0000000000000000 0000000000000000
0x0000000012bbe310:   000000004d430003 0000000000000000
0x0000000012bbe320:   0000000000000000 0000000000000000
0x0000000012bbe330:   0000000000000000 0000000000000000
0x0000000012bbe340:   000000004d430000 0000000000070730
0x0000000012bbe350:   0000000000000008 0000000000000000
0x0000000012bbe360:   0000000000000000 fe34f0f6ebca5a00
0x0000000012bbe370:   0000000012bbe350 0000000000000002
0x0000000012bbe380:   0000000000350000 00007fe705d73714
0x0000000012bbe390:   0000202020002000 0000000000000000
0x0000000012bbe3a0:   0064006e00690077 005c00730077006f
0x0000000012bbe3b0:   0000000012596000 0000000000000000
0x0000000012bbe3c0:   0000000000001302 00000000125b7950
0x0000000012bbe3d0:   0000000000000000 0000000000000000 

Instructions: (pc=0x000000007062c69a)
0x000000007062c67a:   00 48 2b e1 80 3d f6 fc 56 00 00 74 0a c7 83 60
0x000000007062c68a:   01 00 00 00 00 00 00 48 8b 03 48 8b cb ff 50 10
0x000000007062c69a:   eb 04 48 8b 5d 20 48 8b 05 f9 1c 57 00 48 3b d8
0x000000007062c6aa:   74 16 48 85 c0 74 11 48 8d 15 10 6d 57 00 48 83 


Register to memory mapping:

RAX=0x00000000006e5720 is an unknown value
RBX=0x00000000125b7000 is an unknown value
RCX=0x0000000012bbd990 is an unknown value
RDX=0x00000000003f5b90 is an unknown value
RSP=0x0000000012bbe2e0 is an unknown value
RBP=0x0000000012bbe500 is an unknown value
RSI=0x0000000000000000 is an unknown value
RDI=0x00007fffff7d8000 is an unknown value
R8 =0xccccccccccc301b0 is an unknown value
R9 =0xcccccccccccccccc is an unknown value
R10=0x0000000012bbd9f0 is an unknown value
R11=0x000000000066c8a0 is pointing into the stack for thread: 0x000000000035b000
R12=0x00000000125b7950 is an unknown value
R13=0x000000000066dd9f is pointing into the stack for thread: 0x000000000035b000
R14=0xffffffffffffffff is an unknown value
R15=0x000000000066deb0 is pointing into the stack for thread: 0x000000000035b000


Stack: [0x0000000012ac0000,0x0000000012bc0000],  sp=0x0000000012bbe2e0,  free space=1016k
Native frames: (J=compiled Java code, j=interpreted, Vv=VM code, C=native code)
V  [jvm.dll+0x29c69a]
C  [msvcr100.dll+0x21d9f]
C  [msvcr100.dll+0x21e3b]
C  [ntdll.dll+0x6e513]  call_thread_func+0xd3


---------------  P R O C E S S  ---------------

Java Threads: ( => current thread )
  0x00000000136a4000 JavaThread "AWT-Windows" daemon [_thread_in_native, id=46, stack(0x0000000013a90000,0x0000000013b90000)]
  0x00000000136a1800 JavaThread "AWT-Shutdown" [_thread_blocked, id=45, stack(0x0000000013990000,0x0000000013a90000)]
  0x000000001369f800 JavaThread "Java2D Disposer" daemon [_thread_blocked, id=44, stack(0x0000000013890000,0x0000000013990000)]
  0x000000001264b000 JavaThread "Service Thread" daemon [_thread_blocked, id=42, stack(0x0000000013250000,0x0000000013350000)]
  0x0000000000454800 JavaThread "C1 CompilerThread1" daemon [_thread_blocked, id=40, stack(0x0000000013150000,0x0000000013250000)]
  0x00000000125de000 JavaThread "C2 CompilerThread0" daemon [_thread_blocked, id=41, stack(0x0000000013050000,0x0000000013150000)]
  0x00000000125dc000 JavaThread "Attach Listener" daemon [_thread_blocked, id=51, stack(0x0000000012f50000,0x0000000013050000)]
  0x00000000125d9800 JavaThread "Signal Dispatcher" daemon [_thread_blocked, id=30, stack(0x0000000012e50000,0x0000000012f50000)]
  0x0000000000449000 JavaThread "Finalizer" daemon [_thread_blocked, id=49, stack(0x0000000012cc0000,0x0000000012dc0000)]
  0x0000000000447800 JavaThread "Reference Handler" daemon [_thread_blocked, id=50, stack(0x0000000012bc0000,0x0000000012cc0000)]
  0x000000000035b000 JavaThread "main" [_thread_blocked, id=38, stack(0x0000000000570000,0x0000000000670000)]

Other Threads:
=>0x00000000125b7000 VMThread [stack: 0x0000000012ac0000,0x0000000012bc0000] [id=12]
  0x0000000012653000 WatcherThread [stack: 0x0000000013350000,0x0000000013450000] [id=43]

VM state:at safepoint (normal execution)

VM Mutex/Monitor currently owned by a thread:  ([mutex/lock_event])
[0x00000000003595a0] Safepoint_lock - owner thread: 0x00000000125b7000
[0x0000000000359630] Threads_lock - owner thread: 0x00000000125b7000

Heap:
 PSYoungGen      total 13824K, used 3198K [0x00000000f1300000, 0x00000000f2200000, 0x0000000100000000)
  eden space 12288K, 26% used [0x00000000f1300000,0x00000000f161fa00,0x00000000f1f00000)
  from space 1536K, 0% used [0x00000000f2080000,0x00000000f2080000,0x00000000f2200000)
  to   space 1536K, 0% used [0x00000000f1f00000,0x00000000f1f00000,0x00000000f2080000)
 ParOldGen       total 31744K, used 0K [0x00000000d3800000, 0x00000000d5700000, 0x00000000f1300000)
  object space 31744K, 0% used [0x00000000d3800000,0x00000000d3800000,0x00000000d5700000)
 Metaspace       used 6520K, capacity 6728K, committed 6784K, reserved 1056768K
  class space    used 766K, capacity 855K, committed 896K, reserved 1048576K

Card table byte_map: [0x000000000fa60000,0x000000000fbd0000] byte_map_base: 0x000000000f3c4000

Marking Bits: (ParMarkBitMap*) 0x0000000070bab6d0
 Begin Bits: [0x000000000fec0000, 0x00000000109e0000)
 End Bits:   [0x00000000109e0000, 0x0000000011500000)

Polling page: 0x0000000000670000

CodeCache: size=245760Kb used=1557Kb max_used=1557Kb free=244202Kb
 bounds [0x00000000006a0000, 0x0000000000910000, 0x000000000f6a0000]
 total_blobs=587 nmethods=247 adapters=254
 compilation: enabled

Compilation events (10 events):
Event: 2.425 Thread 0x0000000000454800 nmethod 243 0x0000000000823d50 code [0x0000000000823ea0, 0x0000000000824090]
Event: 2.425 Thread 0x0000000000454800  244       3       java.util.Hashtable::addEntry (87 bytes)
Event: 2.426 Thread 0x0000000000454800 nmethod 244 0x0000000000824150 code [0x0000000000824300, 0x0000000000824958]
Event: 2.426 Thread 0x0000000000454800  245       3       jdk.internal.org.objectweb.asm.ClassWriter::newClass (9 bytes)
Event: 2.427 Thread 0x0000000000454800 nmethod 245 0x0000000000824c90 code [0x0000000000824e00, 0x0000000000824fa8]
Event: 2.427 Thread 0x0000000000454800  246       3       java.lang.invoke.MethodType::parameterCount (6 bytes)
Event: 2.427 Thread 0x0000000000454800 nmethod 246 0x0000000000825090 code [0x00000000008251e0, 0x0000000000825330]
Event: 2.429 Thread 0x0000000000454800  247       3       java.lang.invoke.MemberName::initResolved (53 bytes)
Event: 2.429 Thread 0x0000000000454800 nmethod 247 0x00000000008253d0 code [0x0000000000825520, 0x00000000008256f0]
Event: 2.431 Thread 0x0000000000454800  248       3       java.lang.invoke.MemberName::getName (25 bytes)

GC Heap History (0 events):
No events

Deoptimization events (0 events):
No events

Internal exceptions (9 events):
Event: 0.463 Thread 0x000000000035b000 Exception <a 'java/lang/NoSuchMethodError': Method sun.misc.Unsafe.defineClass(Ljava/lang/String;[BII)Ljava/lang/Class; name or signature does not match> (0x00000000f1307ca8) thrown at [C:\re\workspace\8-2-build-windows-amd64-cygwin\jdk8u121\8372\hotspot\
Event: 0.463 Thread 0x000000000035b000 Exception <a 'java/lang/NoSuchMethodError': Method sun.misc.Unsafe.prefetchRead(Ljava/lang/Object;J)V name or signature does not match> (0x00000000f1307f90) thrown at [C:\re\workspace\8-2-build-windows-amd64-cygwin\jdk8u121\8372\hotspot\src\share\vm\prims
Event: 1.177 Thread 0x000000000035b000 Exception <a 'java/security/PrivilegedActionException'> (0x00000000f13f2978) thrown at [C:\re\workspace\8-2-build-windows-amd64-cygwin\jdk8u121\8372\hotspot\src\share\vm\prims\jvm.cpp, line 1390]
Event: 1.177 Thread 0x000000000035b000 Exception <a 'java/security/PrivilegedActionException'> (0x00000000f13f2b88) thrown at [C:\re\workspace\8-2-build-windows-amd64-cygwin\jdk8u121\8372\hotspot\src\share\vm\prims\jvm.cpp, line 1390]
Event: 1.184 Thread 0x000000000035b000 Exception <a 'java/security/PrivilegedActionException'> (0x00000000f13f64c0) thrown at [C:\re\workspace\8-2-build-windows-amd64-cygwin\jdk8u121\8372\hotspot\src\share\vm\prims\jvm.cpp, line 1390]
Event: 1.184 Thread 0x000000000035b000 Exception <a 'java/security/PrivilegedActionException'> (0x00000000f13f66f0) thrown at [C:\re\workspace\8-2-build-windows-amd64-cygwin\jdk8u121\8372\hotspot\src\share\vm\prims\jvm.cpp, line 1390]
Event: 1.412 Thread 0x000000000035b000 Exception <a 'java/io/FileNotFoundException'> (0x00000000f13fae20) thrown at [C:\re\workspace\8-2-build-windows-amd64-cygwin\jdk8u121\8372\hotspot\src\share\vm\prims\jni.cpp, line 709]
Event: 1.552 Thread 0x000000000035b000 Exception <a 'java/lang/NoSuchFieldError': method resolution failed> (0x00000000f14c8128) thrown at [C:\re\workspace\8-2-build-windows-amd64-cygwin\jdk8u121\8372\hotspot\src\share\vm\prims\methodHandles.cpp, line 1146]
Event: 1.555 Thread 0x000000000035b000 Exception <a 'java/lang/NoSuchFieldError': method resolution failed> (0x00000000f14d5478) thrown at [C:\re\workspace\8-2-build-windows-amd64-cygwin\jdk8u121\8372\hotspot\src\share\vm\prims\methodHandles.cpp, line 1146]

Events (10 events):
Event: 2.422 loading class sun/swing/SwingUtilities2$2
Event: 2.422 loading class sun/swing/SwingUtilities2$2 done
Event: 2.422 loading class javax/swing/plaf/basic/BasicLookAndFeel$2
Event: 2.422 loading class javax/swing/plaf/basic/BasicLookAndFeel$2 done
Event: 2.422 loading class javax/swing/plaf/DimensionUIResource
Event: 2.422 loading class javax/swing/plaf/DimensionUIResource done
Event: 2.423 loading class javax/swing/UIDefaults$LazyInputMap
Event: 2.423 loading class javax/swing/UIDefaults$LazyInputMap done
Event: 2.428 loading class javax/swing/plaf/metal/MetalLookAndFeel$FontActiveValue
Event: 2.428 loading class javax/swing/plaf/metal/MetalLookAndFeel$FontActiveValue done


Dynamic libraries:
0x0000000140000000 - 0x0000000140037000 	Z:\media\david-cdcb\DATOS\BackupCDCB\Algoritmos\2024GUI\Pack\bin\java.exe
0x00007fe705d40000 - 0x00007fe706019000 	C:\windows\system32\ntdll.dll
0x000000007b820000 - 0x000000007bc7c000 	C:\windows\system32\KERNEL32.dll
0x00007fe704800000 - 0x00007fe704a74000 	C:\windows\system32\advapi32.dll
0x00007fe704460000 - 0x00007fe7047ed000 	C:\windows\system32\user32.dll
0x00007fe7040f0000 - 0x00007fe70443c000 	C:\windows\system32\gdi32.dll
0x00007fe703ec0000 - 0x00007fe7040d6000 	C:\windows\system32\version.dll
0x00007fe703bc0000 - 0x00007fe703ebc000 	C:\windows\system32\comctl32.dll
0x00007fe702cf0000 - 0x00007fe702f7a000 	C:\windows\system32\winex11.drv
0x00007fe700ec0000 - 0x00007fe7010f4000 	C:\windows\system32\uxtheme.dll
0x0000000079730000 - 0x0000000079802000 	Z:\media\david-cdcb\DATOS\BackupCDCB\Algoritmos\2024GUI\Pack\bin\msvcr100.dll
0x0000000070390000 - 0x0000000070c2b000 	Z:\media\david-cdcb\DATOS\BackupCDCB\Algoritmos\2024GUI\Pack\bin\server\jvm.dll
0x00007fe700ca0000 - 0x00007fe700eb3000 	C:\windows\system32\wsock32.dll
0x00007fe700a60000 - 0x00007fe700c96000 	C:\windows\system32\ws2_32.dll
0x00007fe700840000 - 0x00007fe700a5c000 	C:\windows\system32\iphlpapi.dll
0x00007fe700580000 - 0x00007fe700834000 	C:\windows\system32\winmm.dll
0x00007fe700210000 - 0x00007fe700570000 	C:\windows\system32\ole32.dll
0x00007fe6fff70000 - 0x00007fe7001e9000 	C:\windows\system32\rpcrt4.dll
0x00007fe6ffd30000 - 0x00007fe6fff56000 	C:\windows\system32\msacm32.dll
0x00007fe6ffb20000 - 0x00007fe6ffd29000 	C:\windows\system32\psapi.dll
0x0000000070db0000 - 0x0000000070dbf000 	Z:\media\david-cdcb\DATOS\BackupCDCB\Algoritmos\2024GUI\Pack\bin\verify.dll
0x000000006d7b0000 - 0x000000006d7d9000 	Z:\media\david-cdcb\DATOS\BackupCDCB\Algoritmos\2024GUI\Pack\bin\java.dll
0x0000000070e30000 - 0x0000000070e46000 	Z:\media\david-cdcb\DATOS\BackupCDCB\Algoritmos\2024GUI\Pack\bin\zip.dll
0x00007fe6ff6d0000 - 0x00007fe6ffb16000 	C:\windows\system32\shell32.dll
0x00007fe6ff430000 - 0x00007fe6ff6b1000 	C:\windows\system32\shlwapi.dll
0x000000006d000000 - 0x000000006d198000 	Z:\media\david-cdcb\DATOS\BackupCDCB\Algoritmos\2024GUI\Pack\bin\awt.dll
0x00007fe6ff0c0000 - 0x00007fe6ff41e000 	C:\windows\system32\oleaut32.dll
0x00007fe6fed30000 - 0x00007fe6fef47000 	C:\windows\system32\imm32.dll
0x00007fe6fe9b0000 - 0x00007fe6fed1f000 	C:\windows\system32\opengl32.dll
0x00007fe6fe700000 - 0x00007fe6fe963000 	C:\windows\system32\dbghelp.dll
0x00007fe6fe450000 - 0x00007fe6fe6f3000 	C:\windows\system32\msvcrt.dll

VM Arguments:
java_command: bin\protoGame.jar
java_class_path (initial): bin\protoGame.jar
Launcher Type: SUN_STANDARD

Environment Variables:
PATH=C:\windows\system32;C:\windows;C:\windows\system32\wbem
USERNAME=david-cdcb
SHELL=/bin/bash
DISPLAY=:0
OS=Windows_NT
PROCESSOR_IDENTIFIER=AMD64 Family 6 Model 42 Stepping 7, GenuineIntel



---------------  S Y S T E M  ---------------

OS: Windows 5.1 , 64 bit Build 2600 (5.1.2600.2180)

CPU:total 2 (2 cores per cpu, 1 threads per core) family 6 model 42 stepping 7, cmov, cx8, fxsr, mmx, sse, sse2, sse3, ssse3, sse4.1, sse4.2, popcnt, clmul, tsc, tscinvbit

Memory: 4k page, physical 2911520k(1483792k free), swap 5840156k(4252888k free)

vm_info: Java HotSpot(TM) 64-Bit Server VM (25.121-b13) for windows-amd64 JRE (1.8.0_121-b13), built on Dec 12 2016 18:21:36 by "java_re" with MS VC++ 10.0 (VS2010)

time: Mon Jul 24 15:05:45 2017
elapsed time: 3 seconds (0d 0h 0m 3s)

