#
# A fatal error has been detected by the Java Runtime Environment:
#
#  EXCEPTION_ACCESS_VIOLATION (0xc0000005) at pc=0x00000000706c23c2, pid=40, tid=0x000000000000002a
#
# JRE version: Java(TM) SE Runtime Environment (8.0_121-b13) (build 1.8.0_121-b13)
# Java VM: Java HotSpot(TM) 64-Bit Server VM (25.121-b13 mixed mode windows-amd64 compressed oops)
# Problematic frame:
# V  [jvm.dll+0x3323c2]
#
# Failed to write core dump. Minidumps are not enabled by default on client versions of Windows
#
# If you would like to submit a bug report, please visit:
#   http://bugreport.java.com/bugreport/crash.jsp
#

---------------  T H R E A D  ---------------

Current thread (0x000000000035b000):  JavaThread "main" [_thread_in_Java, id=42, stack(0x0000000000570000,0x0000000000670000)]

siginfo: ExceptionCode=0xc0000005, reading address 0x0000000000670000

Registers:
RAX=0x00000000f2071e80, RBX=0x00000000705a45b0, RCX=0x0000000000000008, RDX=0x00000000f2068f60
RSP=0x000000000066e1d0, RBP=0x000000000066e340, RSI=0x000000000035aa60, RDI=0x0000000011a802b8
R8 =0x00000000f2071e60, R9 =0xffffffffffffffff, R10=0x00000000f2071e80, R11=0x00000000d4fe5ff8
R12=0x000000000035b000, R13=0x000000000035b780, R14=0x000000000066e3f8, R15=0x000000000066e428
RIP=0x00000000706c23c2, EFLAGS=0x0000000000010206

Top of Stack: (sp=0x000000000066e1d0)
0x000000000066e1d0:   000000000066e3f8 00000000003a0200
0x000000000066e1e0:   000000000066e2e0 000000000000000a
0x000000000066e1f0:   000000000066e260 00000000705a4da3
0x000000000066e200:   0000000011a802b8 00000000704d4687
0x000000000066e210:   0000000000000050 000000000066e298
0x000000000066e220:   000000000035b000 0000000000000000
0x000000000066e230:   000000000035aaf0 00000000704d9331
0x000000000066e240:   000000000035aa60 0000000070995ea8
0x000000000066e250:   0000000011a802b8 0000000000374890
0x000000000066e260:   0000000011a802b8 000000000035b000
0x000000000066e270:   000000000035bb68 000000000066e428
0x000000000066e280:   00000000000003d8 000000000035b790
0x000000000066e290:   000000000035b1f8 0000000070986438
0x000000000066e2a0:   00000000003a02c0 0000000000000015
0x000000000066e2b0:   000000010001b948 000000000000153d
0x000000000066e2c0:   0000000000000009 0000000011a802b8 

Instructions: (pc=0x00000000706c23c2)
0x00000000706c23a2:   48 83 ec 20 49 8b c1 4d 8b d0 4c 8b da 48 8b d9
0x00000000706c23b2:   4c 8b 4c 24 50 4c 8b c0 49 8b d2 49 8b cb ff d3
0x00000000706c23c2:   eb 00 48 83 c4 20 5b c3 cc cc cc cc cc cc 48 83
0x00000000706c23d2:   ec 38 48 89 4c 24 20 48 8d 4c 24 20 4c 89 44 24 


Register to memory mapping:

RAX=0x00000000f2071e80 is an oop
sun.nio.ch.Util$BufferCache 
 - klass: 'sun/nio/ch/Util$BufferCache'
RBX=0x00000000705a45b0 is an unknown value
RCX=0x0000000000000008 is an unknown value
RDX=0x00000000f2068f60 is an oop
sun.nio.ch.Util$1 
 - klass: 'sun/nio/ch/Util$1'
RSP=0x000000000066e1d0 is pointing into the stack for thread: 0x000000000035b000
RBP=0x000000000066e340 is pointing into the stack for thread: 0x000000000035b000
RSI=0x000000000035aa60 is an unknown value
RDI={method} {0x0000000011a802c0} 'main' '([Ljava/lang/String;)V' in 'protogame/ProtoGame'
R8 =0x00000000f2071e60 is an oop
java.lang.ThreadLocal$ThreadLocalMap$Entry 
 - klass: 'java/lang/ThreadLocal$ThreadLocalMap$Entry'
R9 =0xffffffffffffffff is an unknown value
R10=0x00000000f2071e80 is an oop
sun.nio.ch.Util$BufferCache 
 - klass: 'sun/nio/ch/Util$BufferCache'
R11=0x00000000d4fe5ff8 is an oop
java.lang.ThreadLocal$ThreadLocalMap 
 - klass: 'java/lang/ThreadLocal$ThreadLocalMap'
R12=0x000000000035b000 is a thread
R13=0x000000000035b780 is an unknown value
R14=0x000000000066e3f8 is pointing into the stack for thread: 0x000000000035b000
R15=0x000000000066e428 is pointing into the stack for thread: 0x000000000035b000


Stack: [0x0000000000570000,0x0000000000670000],  sp=0x000000000066e1d0,  free space=1016k
Native frames: (J=compiled Java code, j=interpreted, Vv=VM code, C=native code)
V  [jvm.dll+0x3323c2]
V  [jvm.dll+0x214da3]
V  [jvm.dll+0x149331]
V  [jvm.dll+0x159270]
C  [java.exe+0x24cb]
C  [java.exe+0xcdc7]
C  [java.exe+0xce5b]
C  [ntdll.dll+0x6e513]  call_thread_func+0xd3


---------------  P R O C E S S  ---------------

Java Threads: ( => current thread )
  0x0000000013e90800 JavaThread "AWT-EventQueue-0" [_thread_blocked, id=66, stack(0x000000001cea0000,0x000000001cfa0000)]
  0x0000000013e8f000 JavaThread "AWT-Shutdown" [_thread_blocked, id=65, stack(0x000000001cda0000,0x000000001cea0000)]
  0x000000001377b800 JavaThread "Image Fetcher 1" daemon [_thread_blocked, id=58, stack(0x0000000013ca0000,0x0000000013da0000)]
  0x00000000136fe000 JavaThread "Image Fetcher 0" daemon [_thread_blocked, id=57, stack(0x0000000013ba0000,0x0000000013ca0000)]
  0x00000000136a5800 JavaThread "AWT-Windows" daemon [_thread_blocked, id=56, stack(0x0000000013a90000,0x0000000013b90000)]
  0x00000000136a1000 JavaThread "Java2D Disposer" daemon [_thread_in_vm, id=54, stack(0x0000000013890000,0x0000000013990000)]
  0x0000000012a4d800 JavaThread "Service Thread" daemon [_thread_blocked, id=52, stack(0x0000000013250000,0x0000000013350000)]
  0x00000000129e2000 JavaThread "C1 CompilerThread1" daemon [_thread_blocked, id=51, stack(0x0000000013150000,0x0000000013250000)]
  0x00000000129d9000 JavaThread "C2 CompilerThread0" daemon [_thread_blocked, id=50, stack(0x0000000013050000,0x0000000013150000)]
  0x00000000129d6800 JavaThread "Attach Listener" daemon [_thread_blocked, id=49, stack(0x0000000012f50000,0x0000000013050000)]
  0x00000000129d4800 JavaThread "Signal Dispatcher" daemon [_thread_blocked, id=48, stack(0x0000000012e50000,0x0000000012f50000)]
  0x00000000129ac000 JavaThread "Finalizer" daemon [_thread_in_vm, id=47, stack(0x0000000012cc0000,0x0000000012dc0000)]
  0x00000000129a2800 JavaThread "Reference Handler" daemon [_thread_blocked, id=46, stack(0x0000000012bc0000,0x0000000012cc0000)]
=>0x000000000035b000 JavaThread "main" [_thread_in_Java, id=42, stack(0x0000000000570000,0x0000000000670000)]

Other Threads:
  0x0000000011f89800 VMThread [stack: 0x00000000128a0000,0x00000000129a0000] [id=45]
  0x0000000012a76800 WatcherThread [stack: 0x0000000013350000,0x0000000013450000] [id=53]

VM state:synchronizing (normal execution)

VM Mutex/Monitor currently owned by a thread:  ([mutex/lock_event])
[0x0000000000359680] Safepoint_lock - owner thread: 0x0000000011f89800
[0x0000000000359710] Threads_lock - owner thread: 0x0000000011f89800

Heap:
 PSYoungGen      total 13824K, used 1764K [0x00000000f1300000, 0x00000000f2b80000, 0x0000000100000000)
  eden space 12288K, 2% used [0x00000000f1300000,0x00000000f133de38,0x00000000f1f00000)
  from space 1536K, 98% used [0x00000000f1f00000,0x00000000f207b398,0x00000000f2080000)
  to   space 1536K, 0% used [0x00000000f2a00000,0x00000000f2a00000,0x00000000f2b80000)
 ParOldGen       total 54784K, used 28315K [0x00000000d3800000, 0x00000000d6d80000, 0x00000000f1300000)
  object space 54784K, 51% used [0x00000000d3800000,0x00000000d53a6cc0,0x00000000d6d80000)
 Metaspace       used 10688K, capacity 10936K, committed 11264K, reserved 1058816K
  class space    used 1342K, capacity 1423K, committed 1536K, reserved 1048576K

Card table byte_map: [0x000000000fa60000,0x000000000fbd0000] byte_map_base: 0x000000000f3c4000

Marking Bits: (ParMarkBitMap*) 0x0000000070bab6d0
 Begin Bits: [0x000000000fec0000, 0x00000000109e0000)
 End Bits:   [0x00000000109e0000, 0x0000000011500000)

Polling page: 0x0000000000670000

CodeCache: size=245760Kb used=3087Kb max_used=3097Kb free=242673Kb
 bounds [0x00000000006a0000, 0x00000000009b0000, 0x000000000f6a0000]
 total_blobs=1229 nmethods=768 adapters=375
 compilation: enabled

Compilation events (10 events):
Event: 6.357 Thread 0x00000000129e2000 nmethod 764 0x00000000009a3690 code [0x00000000009a3860, 0x00000000009a3fd8]
Event: 6.357 Thread 0x00000000129e2000  766  s    3       sun.font.FontFamily::addLocaleNames (45 bytes)
Event: 6.357 Thread 0x00000000129e2000 nmethod 766 0x00000000009a2910 code [0x00000000009a2ae0, 0x00000000009a3318]
Event: 6.357 Thread 0x00000000129e2000  765   !   3       sun.font.TrueTypeFont::getAllFamilyNames (33 bytes)
Event: 6.358 Thread 0x00000000129e2000 nmethod 765 0x00000000009a1c90 code [0x00000000009a1e60, 0x00000000009a25b8]
Event: 6.361 Thread 0x00000000129d9000 nmethod 762 0x00000000009a7b10 code [0x00000000009a7ce0, 0x00000000009a8850]
Event: 6.361 Thread 0x00000000129d9000  763       4       java.nio.channels.spi.AbstractInterruptibleChannel::begin (48 bytes)
Event: 6.370 Thread 0x00000000129d9000 nmethod 763 0x00000000009a4450 code [0x00000000009a45c0, 0x00000000009a4968]
Event: 6.370 Thread 0x00000000129d9000  767       4       java.util.HashMap::put (13 bytes)
Event: 6.374 Thread 0x00000000129d9000 nmethod 767 0x000000000099e0d0 code [0x000000000099e220, 0x000000000099e328]

GC Heap History (8 events):
Event: 4.443 GC heap before
{Heap before GC invocations=1 (full 0):
 PSYoungGen      total 13824K, used 12164K [0x00000000f1300000, 0x00000000f2200000, 0x0000000100000000)
  eden space 12288K, 98% used [0x00000000f1300000,0x00000000f1ee1318,0x00000000f1f00000)
  from space 1536K, 0% used [0x00000000f2080000,0x00000000f2080000,0x00000000f2200000)
  to   space 1536K, 0% used [0x00000000f1f00000,0x00000000f1f00000,0x00000000f2080000)
 ParOldGen       total 31744K, used 0K [0x00000000d3800000, 0x00000000d5700000, 0x00000000f1300000)
  object space 31744K, 0% used [0x00000000d3800000,0x00000000d3800000,0x00000000d5700000)
 Metaspace       used 8336K, capacity 8526K, committed 8832K, reserved 1056768K
  class space    used 1022K, capacity 1096K, committed 1152K, reserved 1048576K
Event: 4.465 GC heap after
Heap after GC invocations=1 (full 0):
 PSYoungGen      total 13824K, used 1513K [0x00000000f1300000, 0x00000000f2200000, 0x0000000100000000)
  eden space 12288K, 0% used [0x00000000f1300000,0x00000000f1300000,0x00000000f1f00000)
  from space 1536K, 98% used [0x00000000f1f00000,0x00000000f207a4e0,0x00000000f2080000)
  to   space 1536K, 0% used [0x00000000f2080000,0x00000000f2080000,0x00000000f2200000)
 ParOldGen       total 31744K, used 4947K [0x00000000d3800000, 0x00000000d5700000, 0x00000000f1300000)
  object space 31744K, 15% used [0x00000000d3800000,0x00000000d3cd4d88,0x00000000d5700000)
 Metaspace       used 8336K, capacity 8526K, committed 8832K, reserved 1056768K
  class space    used 1022K, capacity 1096K, committed 1152K, reserved 1048576K
}
Event: 4.784 GC heap before
{Heap before GC invocations=2 (full 0):
 PSYoungGen      total 13824K, used 13801K [0x00000000f1300000, 0x00000000f2200000, 0x0000000100000000)
  eden space 12288K, 100% used [0x00000000f1300000,0x00000000f1f00000,0x00000000f1f00000)
  from space 1536K, 98% used [0x00000000f1f00000,0x00000000f207a4e0,0x00000000f2080000)
  to   space 1536K, 0% used [0x00000000f2080000,0x00000000f2080000,0x00000000f2200000)
 ParOldGen       total 31744K, used 14808K [0x00000000d3800000, 0x00000000d5700000, 0x00000000f1300000)
  object space 31744K, 46% used [0x00000000d3800000,0x00000000d4676228,0x00000000d5700000)
 Metaspace       used 8461K, capacity 8666K, committed 8832K, reserved 1056768K
  class space    used 1032K, capacity 1098K, committed 1152K, reserved 1048576K
Event: 4.800 GC heap after
Heap after GC invocations=2 (full 0):
 PSYoungGen      total 13824K, used 1529K [0x00000000f1300000, 0x00000000f2e00000, 0x0000000100000000)
  eden space 12288K, 0% used [0x00000000f1300000,0x00000000f1300000,0x00000000f1f00000)
  from space 1536K, 99% used [0x00000000f2080000,0x00000000f21fe4f0,0x00000000f2200000)
  to   space 1536K, 0% used [0x00000000f1f00000,0x00000000f1f00000,0x00000000f2080000)
 ParOldGen       total 31744K, used 25767K [0x00000000d3800000, 0x00000000d5700000, 0x00000000f1300000)
  object space 31744K, 81% used [0x00000000d3800000,0x00000000d5129df8,0x00000000d5700000)
 Metaspace       used 8461K, capacity 8666K, committed 8832K, reserved 1056768K
  class space    used 1032K, capacity 1098K, committed 1152K, reserved 1048576K
}
Event: 4.800 GC heap before
{Heap before GC invocations=3 (full 1):
 PSYoungGen      total 13824K, used 1529K [0x00000000f1300000, 0x00000000f2e00000, 0x0000000100000000)
  eden space 12288K, 0% used [0x00000000f1300000,0x00000000f1300000,0x00000000f1f00000)
  from space 1536K, 99% used [0x00000000f2080000,0x00000000f21fe4f0,0x00000000f2200000)
  to   space 1536K, 0% used [0x00000000f1f00000,0x00000000f1f00000,0x00000000f2080000)
 ParOldGen       total 31744K, used 25767K [0x00000000d3800000, 0x00000000d5700000, 0x00000000f1300000)
  object space 31744K, 81% used [0x00000000d3800000,0x00000000d5129df8,0x00000000d5700000)
 Metaspace       used 8461K, capacity 8666K, committed 8832K, reserved 1056768K
  class space    used 1032K, capacity 1098K, committed 1152K, reserved 1048576K
Event: 4.829 GC heap after
Heap after GC invocations=3 (full 1):
 PSYoungGen      total 13824K, used 0K [0x00000000f1300000, 0x00000000f2e00000, 0x0000000100000000)
  eden space 12288K, 0% used [0x00000000f1300000,0x00000000f1300000,0x00000000f1f00000)
  from space 1536K, 0% used [0x00000000f2080000,0x00000000f2080000,0x00000000f2200000)
  to   space 1536K, 0% used [0x00000000f1f00000,0x00000000f1f00000,0x00000000f2080000)
 ParOldGen       total 54784K, used 25480K [0x00000000d3800000, 0x00000000d6d80000, 0x00000000f1300000)
  object space 54784K, 46% used [0x00000000d3800000,0x00000000d50e20a0,0x00000000d6d80000)
 Metaspace       used 8461K, capacity 8666K, committed 8832K, reserved 1056768K
  class space    used 1032K, capacity 1098K, committed 1152K, reserved 1048576K
}
Event: 6.375 GC heap before
{Heap before GC invocations=4 (full 1):
 PSYoungGen      total 13824K, used 12288K [0x00000000f1300000, 0x00000000f2e00000, 0x0000000100000000)
  eden space 12288K, 100% used [0x00000000f1300000,0x00000000f1f00000,0x00000000f1f00000)
  from space 1536K, 0% used [0x00000000f2080000,0x00000000f2080000,0x00000000f2200000)
  to   space 1536K, 0% used [0x00000000f1f00000,0x00000000f1f00000,0x00000000f2080000)
 ParOldGen       total 54784K, used 25480K [0x00000000d3800000, 0x00000000d6d80000, 0x00000000f1300000)
  object space 54784K, 46% used [0x00000000d3800000,0x00000000d50e20a0,0x00000000d6d80000)
 Metaspace       used 10688K, capacity 10936K, committed 11264K, reserved 1058816K
  class space    used 1342K, capacity 1423K, committed 1536K, reserved 1048576K
Event: 6.381 GC heap after
Heap after GC invocations=4 (full 1):
 PSYoungGen      total 13824K, used 1516K [0x00000000f1300000, 0x00000000f2b80000, 0x0000000100000000)
  eden space 12288K, 0% used [0x00000000f1300000,0x00000000f1300000,0x00000000f1f00000)
  from space 1536K, 98% used [0x00000000f1f00000,0x00000000f207b398,0x00000000f2080000)
  to   space 1536K, 0% used [0x00000000f2a00000,0x00000000f2a00000,0x00000000f2b80000)
 ParOldGen       total 54784K, used 28315K [0x00000000d3800000, 0x00000000d6d80000, 0x00000000f1300000)
  object space 54784K, 51% used [0x00000000d3800000,0x00000000d53a6cc0,0x00000000d6d80000)
 Metaspace       used 10688K, capacity 10936K, committed 11264K, reserved 1058816K
  class space    used 1342K, capacity 1423K, committed 1536K, reserved 1048576K
}

Deoptimization events (10 events):
Event: 5.684 Thread 0x000000000035b000 Uncommon trap: reason=unstable_if action=reinterpret pc=0x000000000090a1b0 method=java.lang.CharacterData.of(I)Ljava/lang/CharacterData; @ 4
Event: 6.045 Thread 0x000000000035b000 Uncommon trap: reason=class_check action=maybe_recompile pc=0x000000000081bee8 method=java.lang.String.equals(Ljava/lang/Object;)Z @ 8
Event: 6.046 Thread 0x000000000035b000 Uncommon trap: reason=class_check action=maybe_recompile pc=0x000000000081bee8 method=java.lang.String.equals(Ljava/lang/Object;)Z @ 8
Event: 6.046 Thread 0x000000000035b000 Uncommon trap: reason=class_check action=maybe_recompile pc=0x000000000081bee8 method=java.lang.String.equals(Ljava/lang/Object;)Z @ 8
Event: 6.046 Thread 0x000000000035b000 Uncommon trap: reason=class_check action=maybe_recompile pc=0x000000000081bee8 method=java.lang.String.equals(Ljava/lang/Object;)Z @ 8
Event: 6.294 Thread 0x000000000035b000 Uncommon trap: reason=unstable_if action=reinterpret pc=0x0000000000993648 method=java.io.WinNTFileSystem.normalize(Ljava/lang/String;)Ljava/lang/String; @ 74
Event: 6.298 Thread 0x000000000035b000 Uncommon trap: reason=class_check action=maybe_recompile pc=0x0000000000919bec method=java.util.HashMap.putVal(ILjava/lang/Object;Ljava/lang/Object;ZZ)Ljava/lang/Object; @ 203
Event: 6.304 Thread 0x000000000035b000 Uncommon trap: reason=class_check action=maybe_recompile pc=0x0000000000919bec method=java.util.HashMap.putVal(ILjava/lang/Object;Ljava/lang/Object;ZZ)Ljava/lang/Object; @ 203
Event: 6.326 Thread 0x000000000035b000 Uncommon trap: reason=class_check action=maybe_recompile pc=0x0000000000919bec method=java.util.HashMap.putVal(ILjava/lang/Object;Ljava/lang/Object;ZZ)Ljava/lang/Object; @ 203
Event: 6.331 Thread 0x000000000035b000 Uncommon trap: reason=class_check action=maybe_recompile pc=0x0000000000919bec method=java.util.HashMap.putVal(ILjava/lang/Object;Ljava/lang/Object;ZZ)Ljava/lang/Object; @ 203

Internal exceptions (9 events):
Event: 0.394 Thread 0x000000000035b000 Exception <a 'java/lang/NoSuchMethodError': Method sun.misc.Unsafe.defineClass(Ljava/lang/String;[BII)Ljava/lang/Class; name or signature does not match> (0x00000000f1307ca8) thrown at [C:\re\workspace\8-2-build-windows-amd64-cygwin\jdk8u121\8372\hotspot\
Event: 0.394 Thread 0x000000000035b000 Exception <a 'java/lang/NoSuchMethodError': Method sun.misc.Unsafe.prefetchRead(Ljava/lang/Object;J)V name or signature does not match> (0x00000000f1307f90) thrown at [C:\re\workspace\8-2-build-windows-amd64-cygwin\jdk8u121\8372\hotspot\src\share\vm\prims
Event: 1.109 Thread 0x000000000035b000 Exception <a 'java/security/PrivilegedActionException'> (0x00000000f13f4e88) thrown at [C:\re\workspace\8-2-build-windows-amd64-cygwin\jdk8u121\8372\hotspot\src\share\vm\prims\jvm.cpp, line 1390]
Event: 1.109 Thread 0x000000000035b000 Exception <a 'java/security/PrivilegedActionException'> (0x00000000f13f5098) thrown at [C:\re\workspace\8-2-build-windows-amd64-cygwin\jdk8u121\8372\hotspot\src\share\vm\prims\jvm.cpp, line 1390]
Event: 1.116 Thread 0x000000000035b000 Exception <a 'java/security/PrivilegedActionException'> (0x00000000f13fa398) thrown at [C:\re\workspace\8-2-build-windows-amd64-cygwin\jdk8u121\8372\hotspot\src\share\vm\prims\jvm.cpp, line 1390]
Event: 1.116 Thread 0x000000000035b000 Exception <a 'java/security/PrivilegedActionException'> (0x00000000f13fa5a8) thrown at [C:\re\workspace\8-2-build-windows-amd64-cygwin\jdk8u121\8372\hotspot\src\share\vm\prims\jvm.cpp, line 1390]
Event: 1.267 Thread 0x000000000035b000 Exception <a 'java/io/FileNotFoundException'> (0x00000000f13ff180) thrown at [C:\re\workspace\8-2-build-windows-amd64-cygwin\jdk8u121\8372\hotspot\src\share\vm\prims\jni.cpp, line 709]
Event: 1.452 Thread 0x000000000035b000 Exception <a 'java/lang/NoSuchFieldError': method resolution failed> (0x00000000f14cc5f0) thrown at [C:\re\workspace\8-2-build-windows-amd64-cygwin\jdk8u121\8372\hotspot\src\share\vm\prims\methodHandles.cpp, line 1146]
Event: 1.456 Thread 0x000000000035b000 Exception <a 'java/lang/NoSuchFieldError': method resolution failed> (0x00000000f14d9940) thrown at [C:\re\workspace\8-2-build-windows-amd64-cygwin\jdk8u121\8372\hotspot\src\share\vm\prims\methodHandles.cpp, line 1146]

Events (10 events):
Event: 6.331 Thread 0x000000000035b000 Uncommon trap: trap_request=0xffffffde fr.pc=0x0000000000919bec
Event: 6.331 Thread 0x000000000035b000 DEOPT PACKING pc=0x0000000000919bec sp=0x000000000066b8e0
Event: 6.331 Thread 0x000000000035b000 DEOPT UNPACKING pc=0x00000000006e582a sp=0x000000000066b858 mode 2
Event: 6.375 Executing VM operation: ParallelGCFailedAllocation
Event: 6.381 Executing VM operation: ParallelGCFailedAllocation done
Event: 6.381 Executing VM operation: RevokeBias
Event: 6.381 Executing VM operation: RevokeBias done
Event: 6.381 Executing VM operation: RevokeBias
Event: 6.382 Executing VM operation: RevokeBias done
Event: 6.382 Executing VM operation: RevokeBias


Dynamic libraries:
0x0000000140000000 - 0x0000000140037000 	Z:\media\david-cdcb\DATOS\BackupCDCB\Algoritmos\Jumper-Knight vFinal\bin\java.exe
0x00007fb04fac0000 - 0x00007fb04fd99000 	C:\windows\system32\ntdll.dll
0x000000007b820000 - 0x000000007bc7c000 	C:\windows\system32\KERNEL32.dll
0x00007fb04e580000 - 0x00007fb04e7f4000 	C:\windows\system32\advapi32.dll
0x00007fb04e1e0000 - 0x00007fb04e56d000 	C:\windows\system32\user32.dll
0x00007fb04de70000 - 0x00007fb04e1bc000 	C:\windows\system32\gdi32.dll
0x00007fb04dc40000 - 0x00007fb04de56000 	C:\windows\system32\version.dll
0x00007fb04d940000 - 0x00007fb04dc3c000 	C:\windows\system32\comctl32.dll
0x00007fb04ca70000 - 0x00007fb04ccfa000 	C:\windows\system32\winex11.drv
0x00007fb04ac40000 - 0x00007fb04ae74000 	C:\windows\system32\uxtheme.dll
0x0000000079730000 - 0x0000000079802000 	Z:\media\david-cdcb\DATOS\BackupCDCB\Algoritmos\Jumper-Knight vFinal\bin\msvcr100.dll
0x0000000070390000 - 0x0000000070c2b000 	Z:\media\david-cdcb\DATOS\BackupCDCB\Algoritmos\Jumper-Knight vFinal\bin\server\jvm.dll
0x00007fb04aa20000 - 0x00007fb04ac33000 	C:\windows\system32\wsock32.dll
0x00007fb04a7e0000 - 0x00007fb04aa16000 	C:\windows\system32\ws2_32.dll
0x00007fb04a5c0000 - 0x00007fb04a7dc000 	C:\windows\system32\iphlpapi.dll
0x00007fb04a300000 - 0x00007fb04a5b4000 	C:\windows\system32\winmm.dll
0x00007fb049f90000 - 0x00007fb04a2f0000 	C:\windows\system32\ole32.dll
0x00007fb049cf0000 - 0x00007fb049f69000 	C:\windows\system32\rpcrt4.dll
0x00007fb049ab0000 - 0x00007fb049cd6000 	C:\windows\system32\msacm32.dll
0x00007fb0498a0000 - 0x00007fb049aa9000 	C:\windows\system32\psapi.dll
0x0000000070db0000 - 0x0000000070dbf000 	Z:\media\david-cdcb\DATOS\BackupCDCB\Algoritmos\Jumper-Knight vFinal\bin\verify.dll
0x000000006d7b0000 - 0x000000006d7d9000 	Z:\media\david-cdcb\DATOS\BackupCDCB\Algoritmos\Jumper-Knight vFinal\bin\java.dll
0x0000000070e30000 - 0x0000000070e46000 	Z:\media\david-cdcb\DATOS\BackupCDCB\Algoritmos\Jumper-Knight vFinal\bin\zip.dll
0x00007fb049450000 - 0x00007fb049896000 	C:\windows\system32\shell32.dll
0x00007fb0491b0000 - 0x00007fb049431000 	C:\windows\system32\shlwapi.dll
0x000000006d000000 - 0x000000006d198000 	Z:\media\david-cdcb\DATOS\BackupCDCB\Algoritmos\Jumper-Knight vFinal\bin\awt.dll
0x00007fb048e40000 - 0x00007fb04919e000 	C:\windows\system32\oleaut32.dll
0x00007fb048ab0000 - 0x00007fb048cc7000 	C:\windows\system32\imm32.dll
0x00007fb048730000 - 0x00007fb048a9f000 	C:\windows\system32\opengl32.dll
0x0000000070120000 - 0x000000007012c000 	Z:\media\david-cdcb\DATOS\BackupCDCB\Algoritmos\Jumper-Knight vFinal\bin\jsound.dll
0x0000000070130000 - 0x000000007013b000 	Z:\media\david-cdcb\DATOS\BackupCDCB\Algoritmos\Jumper-Knight vFinal\bin\jsoundds.dll
0x00007fb0484a0000 - 0x00007fb0486e3000 	C:\windows\system32\dsound.dll
0x00007fb048280000 - 0x00007fb048494000 	C:\windows\system32\mmdevapi.dll
0x00007fb048050000 - 0x00007fb04826f000 	C:\windows\system32\winepulse.drv
0x000000006d510000 - 0x000000006d557000 	Z:\media\david-cdcb\DATOS\BackupCDCB\Algoritmos\Jumper-Knight vFinal\bin\fontmanager.dll
0x0000000070280000 - 0x000000007029a000 	Z:\media\david-cdcb\DATOS\BackupCDCB\Algoritmos\Jumper-Knight vFinal\bin\net.dll
0x00000000702a0000 - 0x00000000702b1000 	Z:\media\david-cdcb\DATOS\BackupCDCB\Algoritmos\Jumper-Knight vFinal\bin\nio.dll
0x00007fb0366e0000 - 0x00007fb0368e9000 	C:\windows\system32\mswsock.dll
0x00007fb036470000 - 0x00007fb0366d4000 	C:\windows\system32\dbghelp.dll
0x00007fb0361c0000 - 0x00007fb036464000 	C:\windows\system32\msvcrt.dll

VM Arguments:
java_command: bin\protoGame.jar
java_class_path (initial): bin\protoGame.jar
Launcher Type: SUN_STANDARD

Environment Variables:
PATH=C:\windows\system32;C:\windows;C:\windows\system32\wbem
USERNAME=david-cdcb
SHELL=/bin/bash
DISPLAY=:0
OS=Windows_NT
PROCESSOR_IDENTIFIER=AMD64 Family 6 Model 42 Stepping 7, GenuineIntel



---------------  S Y S T E M  ---------------

OS: Windows 5.1 , 64 bit Build 2600 (5.1.2600.2180)

CPU:total 2 (2 cores per cpu, 1 threads per core) family 6 model 42 stepping 7, cmov, cx8, fxsr, mmx, sse, sse2, sse3, ssse3, sse4.1, sse4.2, popcnt, clmul, tsc, tscinvbit

Memory: 4k page, physical 2911520k(1185088k free), swap 5840156k(4111156k free)

vm_info: Java HotSpot(TM) 64-Bit Server VM (25.121-b13) for windows-amd64 JRE (1.8.0_121-b13), built on Dec 12 2016 18:21:36 by "java_re" with MS VC++ 10.0 (VS2010)

time: Sun Aug 13 11:11:38 2017
elapsed time: 8 seconds (0d 0h 0m 8s)

